TN:
SF:src\services\GoldEngine.js
FN:5,(anonymous_0)
FN:15,(anonymous_1)
FN:33,(anonymous_2)
FN:40,(anonymous_3)
FN:52,(anonymous_4)
FN:59,(anonymous_5)
FN:71,(anonymous_6)
FN:75,(anonymous_7)
FNF:8
FNH:5
FNDA:1,(anonymous_0)
FNDA:0,(anonymous_1)
FNDA:1,(anonymous_2)
FNDA:3,(anonymous_3)
FNDA:0,(anonymous_4)
FNDA:2,(anonymous_5)
FNDA:0,(anonymous_6)
FNDA:4,(anonymous_7)
DA:1,1
DA:2,1
DA:6,1
DA:7,1
DA:8,1
DA:16,0
DA:22,0
DA:23,0
DA:24,0
DA:26,0
DA:28,0
DA:29,0
DA:34,1
DA:41,3
DA:42,3
DA:43,3
DA:45,3
DA:52,3
DA:53,0
DA:56,3
DA:60,2
DA:61,2
DA:62,2
DA:63,1
DA:65,1
DA:72,0
DA:82,4
DA:83,4
DA:84,3
DA:85,2
DA:86,1
DA:88,4
DA:92,1
LF:33
LH:24
BRDA:61,0,0,0
BRDA:61,0,1,2
BRDA:62,1,0,1
BRDA:62,1,1,1
BRDA:63,2,0,0
BRDA:63,2,1,1
BRDA:83,3,0,1
BRDA:83,3,1,3
BRDA:84,4,0,1
BRDA:84,4,1,2
BRDA:85,5,0,1
BRDA:85,5,1,1
BRDA:86,6,0,1
BRDA:86,6,1,0
BRF:14
BRH:11
end_of_record
TN:
SF:src\utils\logger.js
FN:29,(anonymous_0)
FNF:1
FNH:0
FNDA:0,(anonymous_0)
DA:1,1
DA:3,1
DA:18,1
DA:19,1
DA:28,1
DA:30,0
DA:34,1
LF:7
LH:6
BRDA:4,0,0,1
BRDA:4,0,1,1
BRDA:18,1,0,1
BRDA:18,1,1,0
BRF:4
BRH:3
end_of_record
